<?xml version="1.0" encoding="UTF-8"?>
<!-- Generated by org.testng.reporters.JUnitXMLReporter -->
<testsuite ignored="0" hostname="Meenakshis-MacBook-Pro.local" failures="0" tests="4" name="Test" time="21.354" errors="0" timestamp="2023-05-22T23:03:39 CDT">
  <testcase classname="com.testcases.Welcomepagetest2" name="enterdeparture" time="0.536"/>
  <testcase classname="com.testcases.Reservepagetest2" name="sendText" time="5.79"/>
  <testcase classname="com.testcases.ConfirmpageTest3" name="Screenshot" time="0.162"/>
  <testcase classname="com.testcases.HomepageTest4" name="sendText_details" time="0.419"/>
</testsuite> <!-- Test -->
